0000000000000000
dest = D
comp = M
jump = (null)
1111111111111111
0000000000000001
dest = D
comp = D-M
jump = (null)
1111111111111111
0000000000010000
dest = (null)
comp = D
jump = JGT
1111111111111111
0000000000000001
dest = D
comp = M
jump = (null)
1111111111111111
0000000000010001
dest = (null)
comp = 0
jump = JMP
1111111111111111
0000000000000000
dest = D
comp = M
jump = (null)
1111111111111111
0000000000000010
dest = M
comp = D
jump = (null)
1111111111111111
0000000000010010
dest = (null)
comp = 0
jump = JMP
1111111111111111
